0 info it worked if it ends with ok
1 verbose cli [ 'node', '/Users/neiltaylor/.nvm/v0.10.5/bin/npm', 'install' ]
2 info using npm@1.3.9
3 info using node@v0.10.5
4 warn package.json no-skeleton.docpad@0.1.0 No repository field.
5 verbose readDependencies using package.json deps
6 verbose install where, deps [ '/Users/neiltaylor/Documents/newsite/neompd',
6 verbose install   [ 'docpad',
6 verbose install     'docpad-plugin-eco',
6 verbose install     'docpad-plugin-moment',
6 verbose install     'docpad-plugin-less',
6 verbose install     'docpad-plugin-marked',
6 verbose install     'docpad-plugin-sunny' ] ]
7 info preinstall no-skeleton.docpad@0.1.0
8 verbose readDependencies using package.json deps
9 verbose cache add [ 'docpad@~6.54.2', null ]
10 verbose cache add name=undefined spec="docpad@~6.54.2" args=["docpad@~6.54.2",null]
11 verbose parsed url { protocol: null,
11 verbose parsed url   slashes: null,
11 verbose parsed url   auth: null,
11 verbose parsed url   host: null,
11 verbose parsed url   port: null,
11 verbose parsed url   hostname: null,
11 verbose parsed url   hash: null,
11 verbose parsed url   search: null,
11 verbose parsed url   query: null,
11 verbose parsed url   pathname: 'docpad@~6.54.2',
11 verbose parsed url   path: 'docpad@~6.54.2',
11 verbose parsed url   href: 'docpad@~6.54.2' }
12 verbose cache add name="docpad" spec="~6.54.2" args=["docpad","~6.54.2"]
13 verbose parsed url { protocol: null,
13 verbose parsed url   slashes: null,
13 verbose parsed url   auth: null,
13 verbose parsed url   host: null,
13 verbose parsed url   port: null,
13 verbose parsed url   hostname: null,
13 verbose parsed url   hash: null,
13 verbose parsed url   search: null,
13 verbose parsed url   query: null,
13 verbose parsed url   pathname: '~6.54.2',
13 verbose parsed url   path: '~6.54.2',
13 verbose parsed url   href: '~6.54.2' }
14 verbose addNamed [ 'docpad', '~6.54.2' ]
15 verbose addNamed [ null, '>=6.54.2-0 <6.55.0-0' ]
16 verbose cache add [ 'docpad-plugin-eco@~2.0.2', null ]
17 verbose cache add name=undefined spec="docpad-plugin-eco@~2.0.2" args=["docpad-plugin-eco@~2.0.2",null]
18 verbose parsed url { protocol: null,
18 verbose parsed url   slashes: null,
18 verbose parsed url   auth: null,
18 verbose parsed url   host: null,
18 verbose parsed url   port: null,
18 verbose parsed url   hostname: null,
18 verbose parsed url   hash: null,
18 verbose parsed url   search: null,
18 verbose parsed url   query: null,
18 verbose parsed url   pathname: 'docpad-plugin-eco@~2.0.2',
18 verbose parsed url   path: 'docpad-plugin-eco@~2.0.2',
18 verbose parsed url   href: 'docpad-plugin-eco@~2.0.2' }
19 verbose cache add name="docpad-plugin-eco" spec="~2.0.2" args=["docpad-plugin-eco","~2.0.2"]
20 verbose parsed url { protocol: null,
20 verbose parsed url   slashes: null,
20 verbose parsed url   auth: null,
20 verbose parsed url   host: null,
20 verbose parsed url   port: null,
20 verbose parsed url   hostname: null,
20 verbose parsed url   hash: null,
20 verbose parsed url   search: null,
20 verbose parsed url   query: null,
20 verbose parsed url   pathname: '~2.0.2',
20 verbose parsed url   path: '~2.0.2',
20 verbose parsed url   href: '~2.0.2' }
21 verbose addNamed [ 'docpad-plugin-eco', '~2.0.2' ]
22 verbose addNamed [ null, '>=2.0.2-0 <2.1.0-0' ]
23 silly lockFile fd36df02-docpad-6-54-2 docpad@~6.54.2
24 verbose lock docpad@~6.54.2 /Users/neiltaylor/.npm/fd36df02-docpad-6-54-2.lock
25 silly lockFile 2dfba89a-docpad-plugin-eco-2-0-2 docpad-plugin-eco@~2.0.2
26 verbose lock docpad-plugin-eco@~2.0.2 /Users/neiltaylor/.npm/2dfba89a-docpad-plugin-eco-2-0-2.lock
27 verbose cache add [ 'docpad-plugin-less@~2.2.0', null ]
28 verbose cache add name=undefined spec="docpad-plugin-less@~2.2.0" args=["docpad-plugin-less@~2.2.0",null]
29 verbose parsed url { protocol: null,
29 verbose parsed url   slashes: null,
29 verbose parsed url   auth: null,
29 verbose parsed url   host: null,
29 verbose parsed url   port: null,
29 verbose parsed url   hostname: null,
29 verbose parsed url   hash: null,
29 verbose parsed url   search: null,
29 verbose parsed url   query: null,
29 verbose parsed url   pathname: 'docpad-plugin-less@~2.2.0',
29 verbose parsed url   path: 'docpad-plugin-less@~2.2.0',
29 verbose parsed url   href: 'docpad-plugin-less@~2.2.0' }
30 verbose cache add name="docpad-plugin-less" spec="~2.2.0" args=["docpad-plugin-less","~2.2.0"]
31 verbose parsed url { protocol: null,
31 verbose parsed url   slashes: null,
31 verbose parsed url   auth: null,
31 verbose parsed url   host: null,
31 verbose parsed url   port: null,
31 verbose parsed url   hostname: null,
31 verbose parsed url   hash: null,
31 verbose parsed url   search: null,
31 verbose parsed url   query: null,
31 verbose parsed url   pathname: '~2.2.0',
31 verbose parsed url   path: '~2.2.0',
31 verbose parsed url   href: '~2.2.0' }
32 verbose addNamed [ 'docpad-plugin-less', '~2.2.0' ]
33 verbose addNamed [ null, '>=2.2.0-0 <2.3.0-0' ]
34 silly lockFile 05fa327f-docpad-plugin-less-2-2-0 docpad-plugin-less@~2.2.0
35 verbose lock docpad-plugin-less@~2.2.0 /Users/neiltaylor/.npm/05fa327f-docpad-plugin-less-2-2-0.lock
36 verbose cache add [ 'docpad-plugin-moment@~2.0.2', null ]
37 verbose cache add name=undefined spec="docpad-plugin-moment@~2.0.2" args=["docpad-plugin-moment@~2.0.2",null]
38 verbose parsed url { protocol: null,
38 verbose parsed url   slashes: null,
38 verbose parsed url   auth: null,
38 verbose parsed url   host: null,
38 verbose parsed url   port: null,
38 verbose parsed url   hostname: null,
38 verbose parsed url   hash: null,
38 verbose parsed url   search: null,
38 verbose parsed url   query: null,
38 verbose parsed url   pathname: 'docpad-plugin-moment@~2.0.2',
38 verbose parsed url   path: 'docpad-plugin-moment@~2.0.2',
38 verbose parsed url   href: 'docpad-plugin-moment@~2.0.2' }
39 verbose cache add name="docpad-plugin-moment" spec="~2.0.2" args=["docpad-plugin-moment","~2.0.2"]
40 verbose parsed url { protocol: null,
40 verbose parsed url   slashes: null,
40 verbose parsed url   auth: null,
40 verbose parsed url   host: null,
40 verbose parsed url   port: null,
40 verbose parsed url   hostname: null,
40 verbose parsed url   hash: null,
40 verbose parsed url   search: null,
40 verbose parsed url   query: null,
40 verbose parsed url   pathname: '~2.0.2',
40 verbose parsed url   path: '~2.0.2',
40 verbose parsed url   href: '~2.0.2' }
41 verbose addNamed [ 'docpad-plugin-moment', '~2.0.2' ]
42 verbose addNamed [ null, '>=2.0.2-0 <2.1.0-0' ]
43 silly lockFile 838d3701-docpad-plugin-moment-2-0-2 docpad-plugin-moment@~2.0.2
44 verbose lock docpad-plugin-moment@~2.0.2 /Users/neiltaylor/.npm/838d3701-docpad-plugin-moment-2-0-2.lock
45 verbose cache add [ 'docpad-plugin-marked@~2.1.1', null ]
46 verbose cache add name=undefined spec="docpad-plugin-marked@~2.1.1" args=["docpad-plugin-marked@~2.1.1",null]
47 verbose parsed url { protocol: null,
47 verbose parsed url   slashes: null,
47 verbose parsed url   auth: null,
47 verbose parsed url   host: null,
47 verbose parsed url   port: null,
47 verbose parsed url   hostname: null,
47 verbose parsed url   hash: null,
47 verbose parsed url   search: null,
47 verbose parsed url   query: null,
47 verbose parsed url   pathname: 'docpad-plugin-marked@~2.1.1',
47 verbose parsed url   path: 'docpad-plugin-marked@~2.1.1',
47 verbose parsed url   href: 'docpad-plugin-marked@~2.1.1' }
48 verbose cache add name="docpad-plugin-marked" spec="~2.1.1" args=["docpad-plugin-marked","~2.1.1"]
49 verbose parsed url { protocol: null,
49 verbose parsed url   slashes: null,
49 verbose parsed url   auth: null,
49 verbose parsed url   host: null,
49 verbose parsed url   port: null,
49 verbose parsed url   hostname: null,
49 verbose parsed url   hash: null,
49 verbose parsed url   search: null,
49 verbose parsed url   query: null,
49 verbose parsed url   pathname: '~2.1.1',
49 verbose parsed url   path: '~2.1.1',
49 verbose parsed url   href: '~2.1.1' }
50 verbose addNamed [ 'docpad-plugin-marked', '~2.1.1' ]
51 verbose addNamed [ null, '>=2.1.1-0 <2.2.0-0' ]
52 silly lockFile 37e3e68f-docpad-plugin-marked-2-1-1 docpad-plugin-marked@~2.1.1
53 verbose lock docpad-plugin-marked@~2.1.1 /Users/neiltaylor/.npm/37e3e68f-docpad-plugin-marked-2-1-1.lock
54 verbose cache add [ 'docpad-plugin-sunny@~3.0.0', null ]
55 verbose cache add name=undefined spec="docpad-plugin-sunny@~3.0.0" args=["docpad-plugin-sunny@~3.0.0",null]
56 verbose parsed url { protocol: null,
56 verbose parsed url   slashes: null,
56 verbose parsed url   auth: null,
56 verbose parsed url   host: null,
56 verbose parsed url   port: null,
56 verbose parsed url   hostname: null,
56 verbose parsed url   hash: null,
56 verbose parsed url   search: null,
56 verbose parsed url   query: null,
56 verbose parsed url   pathname: 'docpad-plugin-sunny@~3.0.0',
56 verbose parsed url   path: 'docpad-plugin-sunny@~3.0.0',
56 verbose parsed url   href: 'docpad-plugin-sunny@~3.0.0' }
57 verbose cache add name="docpad-plugin-sunny" spec="~3.0.0" args=["docpad-plugin-sunny","~3.0.0"]
58 verbose parsed url { protocol: null,
58 verbose parsed url   slashes: null,
58 verbose parsed url   auth: null,
58 verbose parsed url   host: null,
58 verbose parsed url   port: null,
58 verbose parsed url   hostname: null,
58 verbose parsed url   hash: null,
58 verbose parsed url   search: null,
58 verbose parsed url   query: null,
58 verbose parsed url   pathname: '~3.0.0',
58 verbose parsed url   path: '~3.0.0',
58 verbose parsed url   href: '~3.0.0' }
59 verbose addNamed [ 'docpad-plugin-sunny', '~3.0.0' ]
60 verbose addNamed [ null, '>=3.0.0-0 <3.1.0-0' ]
61 silly lockFile 32107881-docpad-plugin-sunny-3-0-0 docpad-plugin-sunny@~3.0.0
62 verbose lock docpad-plugin-sunny@~3.0.0 /Users/neiltaylor/.npm/32107881-docpad-plugin-sunny-3-0-0.lock
63 silly addNameRange { name: 'docpad', range: '>=6.54.2-0 <6.55.0-0', hasData: false }
64 silly addNameRange { name: 'docpad-plugin-eco',
64 silly addNameRange   range: '>=2.0.2-0 <2.1.0-0',
64 silly addNameRange   hasData: false }
65 silly addNameRange { name: 'docpad-plugin-less',
65 silly addNameRange   range: '>=2.2.0-0 <2.3.0-0',
65 silly addNameRange   hasData: false }
66 silly addNameRange { name: 'docpad-plugin-moment',
66 silly addNameRange   range: '>=2.0.2-0 <2.1.0-0',
66 silly addNameRange   hasData: false }
67 silly addNameRange { name: 'docpad-plugin-marked',
67 silly addNameRange   range: '>=2.1.1-0 <2.2.0-0',
67 silly addNameRange   hasData: false }
68 silly addNameRange { name: 'docpad-plugin-sunny',
68 silly addNameRange   range: '>=3.0.0-0 <3.1.0-0',
68 silly addNameRange   hasData: false }
69 verbose url raw docpad-plugin-eco
70 verbose url resolving [ 'https://registry.npmjs.org/', './docpad-plugin-eco' ]
71 verbose url resolved https://registry.npmjs.org/docpad-plugin-eco
72 info trying registry request attempt 1 at 10:45:51
73 verbose etag "DCQZ39523THG7FVXRX52344HY"
74 http GET https://registry.npmjs.org/docpad-plugin-eco
75 verbose url raw docpad-plugin-moment
76 verbose url resolving [ 'https://registry.npmjs.org/', './docpad-plugin-moment' ]
77 verbose url resolved https://registry.npmjs.org/docpad-plugin-moment
78 info trying registry request attempt 1 at 10:45:51
79 verbose etag "A1D6T7W48L6OKRZMI7046VIHE"
80 http GET https://registry.npmjs.org/docpad-plugin-moment
81 verbose url raw docpad-plugin-less
82 verbose url resolving [ 'https://registry.npmjs.org/', './docpad-plugin-less' ]
83 verbose url resolved https://registry.npmjs.org/docpad-plugin-less
84 info trying registry request attempt 1 at 10:45:51
85 verbose etag "EFQTP05GYXQ8RT9GWEZBPHJVM"
86 http GET https://registry.npmjs.org/docpad-plugin-less
87 verbose url raw docpad-plugin-marked
88 verbose url resolving [ 'https://registry.npmjs.org/', './docpad-plugin-marked' ]
89 verbose url resolved https://registry.npmjs.org/docpad-plugin-marked
90 info trying registry request attempt 1 at 10:45:51
91 verbose etag "3F5QQJKB5BMRA7H868JOPQIRY"
92 http GET https://registry.npmjs.org/docpad-plugin-marked
93 verbose url raw docpad-plugin-sunny
94 verbose url resolving [ 'https://registry.npmjs.org/', './docpad-plugin-sunny' ]
95 verbose url resolved https://registry.npmjs.org/docpad-plugin-sunny
96 info trying registry request attempt 1 at 10:45:51
97 verbose etag "2PF94ZG8FRF0Z5PA1VE8Q3RCN"
98 http GET https://registry.npmjs.org/docpad-plugin-sunny
99 verbose url raw docpad
100 verbose url resolving [ 'https://registry.npmjs.org/', './docpad' ]
101 verbose url resolved https://registry.npmjs.org/docpad
102 info trying registry request attempt 1 at 10:45:51
103 verbose etag "8OL1VKORRM9RVO3E704A65KZ5"
104 http GET https://registry.npmjs.org/docpad
105 http 304 https://registry.npmjs.org/docpad-plugin-marked
106 silly registry.get cb [ 304,
106 silly registry.get   { server: 'CouchDB/1.3.1 (Erlang OTP/R15B03)',
106 silly registry.get     etag: '"3F5QQJKB5BMRA7H868JOPQIRY"',
106 silly registry.get     date: 'Mon, 11 Nov 2013 15:42:22 GMT',
106 silly registry.get     'content-length': '0' } ]
107 verbose etag docpad-plugin-marked from cache
108 silly addNameRange number 2 { name: 'docpad-plugin-marked',
108 silly addNameRange   range: '>=2.1.1-0 <2.2.0-0',
108 silly addNameRange   hasData: true }
109 silly addNameRange versions [ 'docpad-plugin-marked',
109 silly addNameRange   [ '2.0.0', '2.1.0', '2.1.1', '2.1.2' ] ]
110 verbose addNamed [ 'docpad-plugin-marked', '2.1.2' ]
111 verbose addNamed [ '2.1.2', '2.1.2' ]
112 silly lockFile 690c3ace-docpad-plugin-marked-2-1-2 docpad-plugin-marked@2.1.2
113 verbose lock docpad-plugin-marked@2.1.2 /Users/neiltaylor/.npm/690c3ace-docpad-plugin-marked-2-1-2.lock
114 silly lockFile 690c3ace-docpad-plugin-marked-2-1-2 docpad-plugin-marked@2.1.2
115 silly lockFile 690c3ace-docpad-plugin-marked-2-1-2 docpad-plugin-marked@2.1.2
116 silly lockFile 37e3e68f-docpad-plugin-marked-2-1-1 docpad-plugin-marked@~2.1.1
117 silly lockFile 37e3e68f-docpad-plugin-marked-2-1-1 docpad-plugin-marked@~2.1.1
118 http 304 https://registry.npmjs.org/docpad-plugin-less
119 silly registry.get cb [ 304,
119 silly registry.get   { server: 'CouchDB/1.3.1 (Erlang OTP/R15B03)',
119 silly registry.get     etag: '"EFQTP05GYXQ8RT9GWEZBPHJVM"',
119 silly registry.get     date: 'Mon, 11 Nov 2013 15:42:22 GMT',
119 silly registry.get     'content-length': '0' } ]
120 verbose etag docpad-plugin-less from cache
121 http 304 https://registry.npmjs.org/docpad-plugin-moment
122 silly registry.get cb [ 304,
122 silly registry.get   { server: 'CouchDB/1.3.1 (Erlang OTP/R15B03)',
122 silly registry.get     etag: '"A1D6T7W48L6OKRZMI7046VIHE"',
122 silly registry.get     date: 'Mon, 11 Nov 2013 15:42:22 GMT',
122 silly registry.get     'content-length': '0' } ]
123 verbose etag docpad-plugin-moment from cache
124 silly addNameRange number 2 { name: 'docpad-plugin-less',
124 silly addNameRange   range: '>=2.2.0-0 <2.3.0-0',
124 silly addNameRange   hasData: true }
125 silly addNameRange versions [ 'docpad-plugin-less',
125 silly addNameRange   [ '1.0.0',
125 silly addNameRange     '1.0.1',
125 silly addNameRange     '2.0.0',
125 silly addNameRange     '2.0.1',
125 silly addNameRange     '2.1.0',
125 silly addNameRange     '2.1.1',
125 silly addNameRange     '2.1.2',
125 silly addNameRange     '2.1.3',
125 silly addNameRange     '2.2.0' ] ]
126 verbose addNamed [ 'docpad-plugin-less', '2.2.0' ]
127 verbose addNamed [ '2.2.0', '2.2.0' ]
128 silly lockFile 1a7599fc-docpad-plugin-less-2-2-0 docpad-plugin-less@2.2.0
129 verbose lock docpad-plugin-less@2.2.0 /Users/neiltaylor/.npm/1a7599fc-docpad-plugin-less-2-2-0.lock
130 http 304 https://registry.npmjs.org/docpad-plugin-eco
131 silly registry.get cb [ 304,
131 silly registry.get   { server: 'CouchDB/1.3.1 (Erlang OTP/R15B03)',
131 silly registry.get     etag: '"DCQZ39523THG7FVXRX52344HY"',
131 silly registry.get     date: 'Mon, 11 Nov 2013 15:42:22 GMT',
131 silly registry.get     'content-length': '0' } ]
132 verbose etag docpad-plugin-eco from cache
133 silly addNameRange number 2 { name: 'docpad-plugin-moment',
133 silly addNameRange   range: '>=2.0.2-0 <2.1.0-0',
133 silly addNameRange   hasData: true }
134 silly addNameRange versions [ 'docpad-plugin-moment', [ '2.0.0', '2.0.1', '2.0.2' ] ]
135 verbose addNamed [ 'docpad-plugin-moment', '2.0.2' ]
136 verbose addNamed [ '2.0.2', '2.0.2' ]
137 silly lockFile 2f93c24b-docpad-plugin-moment-2-0-2 docpad-plugin-moment@2.0.2
138 verbose lock docpad-plugin-moment@2.0.2 /Users/neiltaylor/.npm/2f93c24b-docpad-plugin-moment-2-0-2.lock
139 silly addNameRange number 2 { name: 'docpad-plugin-eco',
139 silly addNameRange   range: '>=2.0.2-0 <2.1.0-0',
139 silly addNameRange   hasData: true }
140 silly addNameRange versions [ 'docpad-plugin-eco', [ '1.0.0', '2.0.0', '2.0.1', '2.0.2' ] ]
141 verbose addNamed [ 'docpad-plugin-eco', '2.0.2' ]
142 verbose addNamed [ '2.0.2', '2.0.2' ]
143 silly lockFile 9b0246b6-docpad-plugin-eco-2-0-2 docpad-plugin-eco@2.0.2
144 verbose lock docpad-plugin-eco@2.0.2 /Users/neiltaylor/.npm/9b0246b6-docpad-plugin-eco-2-0-2.lock
145 silly lockFile 1a7599fc-docpad-plugin-less-2-2-0 docpad-plugin-less@2.2.0
146 silly lockFile 1a7599fc-docpad-plugin-less-2-2-0 docpad-plugin-less@2.2.0
147 silly lockFile 05fa327f-docpad-plugin-less-2-2-0 docpad-plugin-less@~2.2.0
148 silly lockFile 05fa327f-docpad-plugin-less-2-2-0 docpad-plugin-less@~2.2.0
149 silly lockFile 2f93c24b-docpad-plugin-moment-2-0-2 docpad-plugin-moment@2.0.2
150 silly lockFile 2f93c24b-docpad-plugin-moment-2-0-2 docpad-plugin-moment@2.0.2
151 silly lockFile 838d3701-docpad-plugin-moment-2-0-2 docpad-plugin-moment@~2.0.2
152 silly lockFile 838d3701-docpad-plugin-moment-2-0-2 docpad-plugin-moment@~2.0.2
153 silly lockFile 9b0246b6-docpad-plugin-eco-2-0-2 docpad-plugin-eco@2.0.2
154 silly lockFile 9b0246b6-docpad-plugin-eco-2-0-2 docpad-plugin-eco@2.0.2
155 silly lockFile 2dfba89a-docpad-plugin-eco-2-0-2 docpad-plugin-eco@~2.0.2
156 silly lockFile 2dfba89a-docpad-plugin-eco-2-0-2 docpad-plugin-eco@~2.0.2
157 http 304 https://registry.npmjs.org/docpad
158 silly registry.get cb [ 304,
158 silly registry.get   { server: 'CouchDB/1.3.1 (Erlang OTP/R15B03)',
158 silly registry.get     etag: '"8OL1VKORRM9RVO3E704A65KZ5"',
158 silly registry.get     date: 'Mon, 11 Nov 2013 15:42:22 GMT',
158 silly registry.get     'content-length': '0' } ]
159 verbose etag docpad from cache
160 http 304 https://registry.npmjs.org/docpad-plugin-sunny
161 silly registry.get cb [ 304,
161 silly registry.get   { server: 'CouchDB/1.3.1 (Erlang OTP/R15B03)',
161 silly registry.get     etag: '"2PF94ZG8FRF0Z5PA1VE8Q3RCN"',
161 silly registry.get     date: 'Mon, 11 Nov 2013 15:42:22 GMT',
161 silly registry.get     'content-length': '0' } ]
162 verbose etag docpad-plugin-sunny from cache
163 silly addNameRange number 2 { name: 'docpad-plugin-sunny',
163 silly addNameRange   range: '>=3.0.0-0 <3.1.0-0',
163 silly addNameRange   hasData: true }
164 silly addNameRange versions [ 'docpad-plugin-sunny',
164 silly addNameRange   [ '0.0.1',
164 silly addNameRange     '0.0.3',
164 silly addNameRange     '0.0.4',
164 silly addNameRange     '0.0.5',
164 silly addNameRange     '0.0.6',
164 silly addNameRange     '0.0.7',
164 silly addNameRange     '0.0.8',
164 silly addNameRange     '0.0.9',
164 silly addNameRange     '0.0.10',
164 silly addNameRange     '2.0.11',
164 silly addNameRange     '2.0.12',
164 silly addNameRange     '2.1.0' ] ]
165 silly lockFile 32107881-docpad-plugin-sunny-3-0-0 docpad-plugin-sunny@~3.0.0
166 silly lockFile 32107881-docpad-plugin-sunny-3-0-0 docpad-plugin-sunny@~3.0.0
167 silly addNameRange number 2 { name: 'docpad', range: '>=6.54.2-0 <6.55.0-0', hasData: true }
168 silly addNameRange versions [ 'docpad',
168 silly addNameRange   [ '0.1.0',
168 silly addNameRange     '0.4.0',
168 silly addNameRange     '0.5.0',
168 silly addNameRange     '0.5.1',
168 silly addNameRange     '0.6.0',
168 silly addNameRange     '0.6.1',
168 silly addNameRange     '0.7.0',
168 silly addNameRange     '0.8.0',
168 silly addNameRange     '0.8.1',
168 silly addNameRange     '0.8.3',
168 silly addNameRange     '0.9.0',
168 silly addNameRange     '0.9.1',
168 silly addNameRange     '0.9.2',
168 silly addNameRange     '0.9.3',
168 silly addNameRange     '0.9.4',
168 silly addNameRange     '0.9.5',
168 silly addNameRange     '0.9.6',
168 silly addNameRange     '0.9.7',
168 silly addNameRange     '0.9.8',
168 silly addNameRange     '0.9.9',
168 silly addNameRange     '0.9.10',
168 silly addNameRange     '0.9.11',
168 silly addNameRange     '0.9.12',
168 silly addNameRange     '0.9.13',
168 silly addNameRange     '0.9.14',
168 silly addNameRange     '0.9.15',
168 silly addNameRange     '0.9.16',
168 silly addNameRange     '0.9.17',
168 silly addNameRange     '0.9.18',
168 silly addNameRange     '0.9.19',
168 silly addNameRange     '0.9.20',
168 silly addNameRange     '0.9.21',
168 silly addNameRange     '0.9.22',
168 silly addNameRange     '0.10.0',
168 silly addNameRange     '1.0.0',
168 silly addNameRange     '1.0.1',
168 silly addNameRange     '1.0.2',
168 silly addNameRange     '1.0.3',
168 silly addNameRange     '1.1.1',
168 silly addNameRange     '1.1.2',
168 silly addNameRange     '1.1.3',
168 silly addNameRange     '1.1.4',
168 silly addNameRange     '1.1.6',
168 silly addNameRange     '1.2.0',
168 silly addNameRange     '1.2.1',
168 silly addNameRange     '1.2.2',
168 silly addNameRange     '1.2.3',
168 silly addNameRange     '1.2.4',
168 silly addNameRange     '1.2.5',
168 silly addNameRange     '1.3.0',
168 silly addNameRange     '1.3.1',
168 silly addNameRange     '1.3.2',
168 silly addNameRange     '1.3.3',
168 silly addNameRange     '1.3.5',
168 silly addNameRange     '1.3.6',
168 silly addNameRange     '1.3.7',
168 silly addNameRange     '1.3.8',
168 silly addNameRange     '1.4.0',
168 silly addNameRange     '1.4.1',
168 silly addNameRange     '2.0.0',
168 silly addNameRange     '2.0.1',
168 silly addNameRange     '2.0.2',
168 silly addNameRange     '2.1.0',
168 silly addNameRange     '2.1.1',
168 silly addNameRange     '2.2.0',
168 silly addNameRange     '2.2.1',
168 silly addNameRange     '2.3.0',
168 silly addNameRange     '2.3.1',
168 silly addNameRange     '2.3.2',
168 silly addNameRange     '2.3.3',
168 silly addNameRange     '2.3.4',
168 silly addNameRange     '2.3.5',
168 silly addNameRange     '2.3.6',
168 silly addNameRange     '2.3.7',
168 silly addNameRange     '2.3.8',
168 silly addNameRange     '2.4.0',
168 silly addNameRange     '2.5.0',
168 silly addNameRange     '2.6.0',
168 silly addNameRange     '2.6.1',
168 silly addNameRange     '3.2.0',
168 silly addNameRange     '3.2.1',
168 silly addNameRange     '3.2.2',
168 silly addNameRange     '3.2.3',
168 silly addNameRange     '3.2.4',
168 silly addNameRange     '3.2.5',
168 silly addNameRange     '3.2.6',
168 silly addNameRange     '3.2.7',
168 silly addNameRange     '3.2.8',
168 silly addNameRange     '3.3.0',
168 silly addNameRange     '3.3.1',
168 silly addNameRange     '3.3.2',
168 silly addNameRange     '4.0.0',
168 silly addNameRange     '4.0.1',
168 silly addNameRange     '4.0.2',
168 silly addNameRange     '4.0.3',
168 silly addNameRange     '4.1.0',
168 silly addNameRange     '4.1.1',
168 silly addNameRange     '5.0.0',
168 silly addNameRange     '5.0.1',
168 silly addNameRange     '5.0.2',
168 silly addNameRange     '5.0.3',
168 silly addNameRange     '5.0.4',
168 silly addNameRange     '5.0.5',
168 silly addNameRange     '5.1.0',
168 silly addNameRange     '5.1.1',
168 silly addNameRange     '5.1.2',
168 silly addNameRange     '5.2.0',
168 silly addNameRange     '5.2.1',
168 silly addNameRange     '5.2.2',
168 silly addNameRange     '5.2.3',
168 silly addNameRange     '5.2.4',
168 silly addNameRange     '5.2.5',
168 silly addNameRange     '6.0.0',
168 silly addNameRange     '6.0.2',
168 silly addNameRange     '6.0.3',
168 silly addNameRange     '6.0.4',
168 silly addNameRange     '6.0.5',
168 silly addNameRange     '6.0.6',
168 silly addNameRange     '6.0.7',
168 silly addNameRange     '6.0.8',
168 silly addNameRange     '6.0.9',
168 silly addNameRange     '6.0.10',
168 silly addNameRange     '6.0.11',
168 silly addNameRange     '6.0.12',
168 silly addNameRange     '6.0.13',
168 silly addNameRange     '6.0.14',
168 silly addNameRange     '6.1.0',
168 silly addNameRange     '6.1.2',
168 silly addNameRange     '6.1.3',
168 silly addNameRange     '6.2.0',
168 silly addNameRange     '6.3.0',
168 silly addNameRange     '6.3.1',
168 silly addNameRange     '6.3.2',
168 silly addNameRange     '6.3.3',
168 silly addNameRange     '6.4.0',
168 silly addNameRange     '6.4.1',
168 silly addNameRange     '6.4.2',
168 silly addNameRange     '6.5.0-dev',
168 silly addNameRange     '6.5.1-dev',
168 silly addNameRange     '6.5.2-dev',
168 silly addNameRange     '6.5.3-dev',
168 silly addNameRange     '6.5.4',
168 silly addNameRange     '6.5.5',
168 silly addNameRange     '6.5.6',
168 silly addNameRange     '6.5.7',
168 silly addNameRange     '6.6.1',
168 silly addNameRange     '6.6.2',
168 silly addNameRange     '6.6.3',
168 silly addNameRange     '6.6.4',
168 silly addNameRange     '6.6.5',
168 silly addNameRange     '6.6.6',
168 silly addNameRange     '6.6.7',
168 silly addNameRange     '6.6.8',
168 silly addNameRange     '6.7.0',
168 silly addNameRange     '6.7.1',
168 silly addNameRange     '6.7.2',
168 silly addNameRange     '6.7.3',
168 silly addNameRange     '6.7.4',
168 silly addNameRange     '6.8.0',
168 silly addNameRange     '6.8.1',
168 silly addNameRange     '6.8.2',
168 silly addNameRange     '6.8.3',
168 silly addNameRange     '6.8.4',
168 silly addNameRange     '6.9.0',
168 silly addNameRange     '6.9.1',
168 silly addNameRange     '6.9.2',
168 silly addNameRange     '6.10.0',
168 silly addNameRange     '6.11.0',
168 silly addNameRange     '6.11.1',
168 silly addNameRange     '6.12.0',
168 silly addNameRange     '6.12.1',
168 silly addNameRange     '6.13.0',
168 silly addNameRange     '6.13.1',
168 silly addNameRange     '6.13.2',
168 silly addNameRange     '6.13.3',
168 silly addNameRange     '6.13.4',
168 silly addNameRange     '6.14.0',
168 silly addNameRange     '6.15.0',
168 silly addNameRange     '6.16.0',
168 silly addNameRange     '6.17.0',
168 silly addNameRange     '6.17.1',
168 silly addNameRange     '6.17.2',
168 silly addNameRange     '6.17.3',
168 silly addNameRange     '6.18.0',
168 silly addNameRange     '6.19.0',
168 silly addNameRange     '6.20.0',
168 silly addNameRange     '6.20.1',
168 silly addNameRange     '6.21.0',
168 silly addNameRange     '6.21.1',
168 silly addNameRange     '6.21.2',
168 silly addNameRange     '6.21.3',
168 silly addNameRange     '6.21.4',
168 silly addNameRange     '6.21.5',
168 silly addNameRange     '6.21.6',
168 silly addNameRange     '6.21.7',
168 silly addNameRange     '6.21.8',
168 silly addNameRange     '6.21.9',
168 silly addNameRange     '6.21.10',
168 silly addNameRange     '6.22.0',
168 silly addNameRange     '6.23.0',
168 silly addNameRange     '6.24.0',
168 silly addNameRange     '6.24.1',
168 silly addNameRange     '6.24.2',
168 silly addNameRange     '6.25.0',
168 silly addNameRange     '6.26.0',
168 silly addNameRange     '6.26.1',
168 silly addNameRange     '6.26.2',
168 silly addNameRange     '6.27.0',
168 silly addNameRange     '6.28.0',
168 silly addNameRange     '6.29.0',
168 silly addNameRange     '6.30.0',
168 silly addNameRange     '6.30.1',
168 silly addNameRange     '6.30.2',
168 silly addNameRange     '6.30.3',
168 silly addNameRange     '6.30.4',
168 silly addNameRange     '6.30.5',
168 silly addNameRange     '6.31.0',
168 silly addNameRange     '6.31.1',
168 silly addNameRange     '6.31.2',
168 silly addNameRange     '6.31.3',
168 silly addNameRange     '6.31.4',
168 silly addNameRange     '6.31.5',
168 silly addNameRange     '6.31.6',
168 silly addNameRange     '6.32.0',
168 silly addNameRange     '6.33.0',
168 silly addNameRange     '6.34.0',
168 silly addNameRange     '6.34.1',
168 silly addNameRange     '6.34.2',
168 silly addNameRange     '6.35.0',
168 silly addNameRange     '6.36.0',
168 silly addNameRange     '6.36.1',
168 silly addNameRange     '6.36.2',
168 silly addNameRange     '6.37.0',
168 silly addNameRange     '6.37.1',
168 silly addNameRange     '6.38.0',
168 silly addNameRange     '6.38.1',
168 silly addNameRange     '6.39.0',
168 silly addNameRange     '6.40.0',
168 silly addNameRange     '6.41.0',
168 silly addNameRange     '6.42.0',
168 silly addNameRange     '6.42.1',
168 silly addNameRange     '6.42.2',
168 silly addNameRange     '6.42.3',
168 silly addNameRange     '6.43.0',
168 silly addNameRange     '6.43.1',
168 silly addNameRange     '6.43.2',
168 silly addNameRange     '6.44.0',
168 silly addNameRange     '6.45.0',
168 silly addNameRange     '6.45.1',
168 silly addNameRange     '6.46.0',
168 silly addNameRange     '6.46.1',
168 silly addNameRange     '6.46.2',
168 silly addNameRange     '6.46.3',
168 silly addNameRange     '6.46.4',
168 silly addNameRange     '6.46.5',
168 silly addNameRange     '6.47.0',
168 silly addNameRange     '6.48.0',
168 silly addNameRange     '6.48.1',
168 silly addNameRange     '6.49.0',
168 silly addNameRange     '6.49.1',
168 silly addNameRange     '6.49.2',
168 silly addNameRange     '6.50.0',
168 silly addNameRange     '6.50.1',
168 silly addNameRange     '6.51.0',
168 silly addNameRange     '6.51.1',
168 silly addNameRange     '6.51.2',
168 silly addNameRange     '6.51.3',
168 silly addNameRange     '6.51.4',
168 silly addNameRange     '6.51.5',
168 silly addNameRange     '6.51.6',
168 silly addNameRange     '6.52.0',
168 silly addNameRange     '6.52.1',
168 silly addNameRange     '6.52.2',
168 silly addNameRange     '6.53.0',
168 silly addNameRange     '6.53.1',
168 silly addNameRange     '6.53.2',
168 silly addNameRange     '6.53.3',
168 silly addNameRange     '6.53.4',
168 silly addNameRange     '6.54.0',
168 silly addNameRange     '6.54.1',
168 silly addNameRange     '6.54.2',
168 silly addNameRange     '6.54.3',
168 silly addNameRange     '6.54.4',
168 silly addNameRange     '6.54.5' ] ]
169 verbose addNamed [ 'docpad', '6.54.5' ]
170 verbose addNamed [ '6.54.5', '6.54.5' ]
171 silly lockFile bb900aed-docpad-6-54-5 docpad@6.54.5
172 verbose lock docpad@6.54.5 /Users/neiltaylor/.npm/bb900aed-docpad-6-54-5.lock
173 error Error: No compatible version found: docpad-plugin-sunny@'>=3.0.0-0 <3.1.0-0'
173 error Valid install targets:
173 error ["0.0.1","0.0.3","0.0.4","0.0.5","0.0.6","0.0.7","0.0.8","0.0.9","0.0.10","2.0.11","2.0.12","2.1.0"]
173 error     at installTargetsError (/Users/neiltaylor/.nvm/v0.10.5/lib/node_modules/npm/lib/cache.js:719:10)
173 error     at next (/Users/neiltaylor/.nvm/v0.10.5/lib/node_modules/npm/lib/cache.js:698:17)
173 error     at /Users/neiltaylor/.nvm/v0.10.5/lib/node_modules/npm/lib/cache.js:675:5
173 error     at saved (/Users/neiltaylor/.nvm/v0.10.5/lib/node_modules/npm/node_modules/npm-registry-client/lib/get.js:142:7)
173 error     at /Users/neiltaylor/.nvm/v0.10.5/lib/node_modules/npm/node_modules/graceful-fs/polyfills.js:133:7
173 error     at Object.oncomplete (fs.js:107:15)
174 error If you need help, you may report this log at:
174 error     <http://github.com/isaacs/npm/issues>
174 error or email it to:
174 error     <npm-@googlegroups.com>
175 error System Darwin 13.0.0
176 error command "node" "/Users/neiltaylor/.nvm/v0.10.5/bin/npm" "install"
177 error cwd /Users/neiltaylor/Documents/newsite/neompd/src
178 error node -v v0.10.5
179 error npm -v 1.3.9
180 verbose exit [ 1, true ]
